d:\wirbelwind\documents\visual studio 2015\projects\fcemulator\fcemulator\x64\debug\vc140.pdb
d:\wirbelwind\documents\visual studio 2015\projects\fcemulator\fcemulator\x64\debug\vc140.idb
d:\wirbelwind\documents\visual studio 2015\projects\fcemulator\fcemulator\x64\debug\main.obj
d:\wirbelwind\documents\visual studio 2015\projects\fcemulator\fcemulator\x64\debug\sfc_6502.obj
d:\wirbelwind\documents\visual studio 2015\projects\fcemulator\fcemulator\x64\debug\sfc_cpu.obj
d:\wirbelwind\documents\visual studio 2015\projects\fcemulator\fcemulator\x64\debug\sfc_famicom_t.obj
d:\wirbelwind\documents\visual studio 2015\projects\fcemulator\fcemulator\x64\debug\sfc_ppu_t.obj
d:\wirbelwind\documents\visual studio 2015\projects\fcemulator\fcemulator\x64\debug\d2d_draw.obj
d:\wirbelwind\documents\visual studio 2015\projects\fcemulator\fcemulator\x64\debug\d2d_draw.obj.enc
d:\wirbelwind\documents\visual studio 2015\projects\fcemulator\fcemulator\x64\debug\main.obj.enc
d:\wirbelwind\documents\visual studio 2015\projects\fcemulator\fcemulator\x64\debug\sfc_cpu.obj.enc
d:\wirbelwind\documents\visual studio 2015\projects\fcemulator\fcemulator\x64\debug\sfc_famicom_t.obj.enc
d:\wirbelwind\documents\visual studio 2015\projects\fcemulator\x64\debug\fcemulator.pdb
d:\wirbelwind\documents\visual studio 2015\projects\fcemulator\fcemulator\x64\debug\fcemulator.tlog\cl.command.1.tlog
d:\wirbelwind\documents\visual studio 2015\projects\fcemulator\fcemulator\x64\debug\fcemulator.tlog\cl.read.1.tlog
d:\wirbelwind\documents\visual studio 2015\projects\fcemulator\fcemulator\x64\debug\fcemulator.tlog\cl.write.1.tlog
d:\wirbelwind\documents\visual studio 2015\projects\fcemulator\fcemulator\x64\debug\fcemulator.tlog\link-cvtres.read.1.tlog
d:\wirbelwind\documents\visual studio 2015\projects\fcemulator\fcemulator\x64\debug\fcemulator.tlog\link-cvtres.write.1.tlog
d:\wirbelwind\documents\visual studio 2015\projects\fcemulator\fcemulator\x64\debug\fcemulator.tlog\link-rc.read.1.tlog
d:\wirbelwind\documents\visual studio 2015\projects\fcemulator\fcemulator\x64\debug\fcemulator.tlog\link-rc.write.1.tlog
d:\wirbelwind\documents\visual studio 2015\projects\fcemulator\fcemulator\x64\debug\fcemulator.tlog\link.command.1.tlog
d:\wirbelwind\documents\visual studio 2015\projects\fcemulator\fcemulator\x64\debug\fcemulator.tlog\link.read.1.tlog
d:\wirbelwind\documents\visual studio 2015\projects\fcemulator\fcemulator\x64\debug\fcemulator.tlog\link.write.1.tlog
